<?xml version="1.0" encoding="UTF-8"?>
<!-- Generated by org.testng.reporters.JUnitReportReporter -->
<testsuite hostname="DESKTOP-0VAOIEF" failures="0" tests="6" name="com.makemytrip.tests.HomePageTest" time="16.486" errors="0" timestamp="21 May 2019 16:15:15 GMT" skipped="0">
  <testcase classname="com.makemytrip.tests.HomePageTest" name="homepagetest" time="6.834"/>
  <testcase classname="com.makemytrip.tests.HomePageTest" name="chkTotalNoOfFlights" time="5.001"/>
  <testcase classname="com.makemytrip.tests.HomePageTest" name="nonStopFlightTest" time="1.334"/>
  <testcase classname="com.makemytrip.tests.HomePageTest" name="oneStopFlightTest" time="2.953"/>
  <testcase classname="com.makemytrip.tests.HomePageTest" name="randomFlightTest" time="0.229"/>
  <testcase classname="com.makemytrip.tests.HomePageTest" name="flightPriceTest" time="0.135"/>
</testsuite> <!-- com.makemytrip.tests.HomePageTest -->
